#
# There is insufficient memory for the Java Runtime Environment to continue.
# Native memory allocation (malloc) failed to allocate 1048576 bytes for AllocateHeap
# Possible reasons:
#   The system is out of physical RAM or swap space
#   The process is running with CompressedOops enabled, and the Java Heap may be blocking the growth of the native heap
# Possible solutions:
#   Reduce memory load on the system
#   Increase physical memory or swap space
#   Check if swap backing store is full
#   Decrease Java heap size (-Xmx/-Xms)
#   Decrease number of Java threads
#   Decrease Java thread stack sizes (-Xss)
#   Set larger code cache with -XX:ReservedCodeCacheSize=
#   JVM is running with Unscaled Compressed Oops mode in which the Java heap is
#     placed in the first 4GB address space. The Java Heap base address is the
#     maximum limit for the native heap growth. Please use -XX:HeapBaseMinAddress
#     to set the Java Heap base and to place the Java Heap above 4GB virtual address.
# This output file may be truncated or incomplete.
#
#  Out of Memory Error (./src/hotspot/share/memory/allocation.cpp:46), pid=13276, tid=10816
#
# JRE version:  (11.0.12+7) (build )
# Java VM: OpenJDK 64-Bit Server VM (11.0.12+7-b1504.40, mixed mode, sharing, tiered, compressed oops, g1 gc, windows-amd64)
# No core dump will be written. Minidumps are not enabled by default on client versions of Windows
#

---------------  S U M M A R Y ------------

Command Line: com.intellij.util.ReadEnv C:\Users\ASUS\AppData\Local\Temp\intellij-cmd-env.3671118812493457244.tmp

Host: Intel(R) Core(TM) i7-8550U CPU @ 1.80GHz, 8 cores, 7G,  Windows 10 , 64 bit Build 19041 (10.0.19041.1645)
Time: Sat Apr 23 08:19:19 2022 Sri Lanka Standard Time elapsed time: 0.037708 seconds (0d 0h 0m 0s)

---------------  T H R E A D  ---------------

Current thread (0x0000021af9eac800):  JavaThread "Unknown thread" [_thread_in_vm, id=10816, stack(0x000000aac9b00000,0x000000aac9c00000)]

Stack: [0x000000aac9b00000,0x000000aac9c00000]
Native frames: (J=compiled Java code, j=interpreted, Vv=VM code, C=native code)
V  [jvm.dll+0x5ff40a]
V  [jvm.dll+0x783b65]
V  [jvm.dll+0x78517d]
V  [jvm.dll+0x785833]
V  [jvm.dll+0x249408]
V  [jvm.dll+0xb8804]
V  [jvm.dll+0x2de1d8]
V  [jvm.dll+0x761f47]
V  [jvm.dll+0x76374c]
V  [jvm.dll+0x362ab9]
V  [jvm.dll+0x7455be]
V  [jvm.dll+0x3cb673]
V  [jvm.dll+0x3cda21]
C  [jli.dll+0x536b]
C  [ucrtbase.dll+0x21bb2]
C  [KERNEL32.DLL+0x17034]
C  [ntdll.dll+0x52651]


---------------  P R O C E S S  ---------------

Threads class SMR info:
_java_thread_list=0x0000021af7d628d0, length=0, elements={
}

Java Threads: ( => current thread )

Other Threads:

=>0x0000021af9eac800 (exited) JavaThread "Unknown thread" [_thread_in_vm, id=10816, stack(0x000000aac9b00000,0x000000aac9c00000)]

Threads with active compile tasks:

VM state:not at safepoint (not fully initialized)

VM Mutex/Monitor currently owned by a thread: None


[error occurred during error reporting (printing compressed oops mode), id 0xc0000005, EXCEPTION_ACCESS_VIOLATION (0xc0000005) at pc=0x00007ff9799b2d97]

GC Heap History (0 events):
No events

Deoptimization events (0 events):
No events

Classes redefined (0 events):
No events

Internal exceptions (0 events):
No events

Events (1 events):
Event: 0.027 Loaded shared library C:\Program Files\JetBrains\PyCharm 2021.2.3\jbr\bin\zip.dll


Dynamic libraries:
0x00007ff628a40000 - 0x00007ff628a4a000 	C:\Program Files\JetBrains\PyCharm 2021.2.3\jbr\bin\java.exe
0x00007ff9b7090000 - 0x00007ff9b7285000 	C:\WINDOWS\SYSTEM32\ntdll.dll
0x00007ff9b62a0000 - 0x00007ff9b635e000 	C:\WINDOWS\System32\KERNEL32.DLL
0x00007ff9b4950000 - 0x00007ff9b4c18000 	C:\WINDOWS\System32\KERNELBASE.dll
0x00007ff9b4850000 - 0x00007ff9b4950000 	C:\WINDOWS\System32\ucrtbase.dll
0x00007ff9a4ce0000 - 0x00007ff9a4cf7000 	C:\Program Files\JetBrains\PyCharm 2021.2.3\jbr\bin\VCRUNTIME140.dll
0x00007ff9a41a0000 - 0x00007ff9a41b9000 	C:\Program Files\JetBrains\PyCharm 2021.2.3\jbr\bin\jli.dll
0x00007ff9b5ec0000 - 0x00007ff9b6060000 	C:\WINDOWS\System32\USER32.dll
0x00007ff9b4d80000 - 0x00007ff9b4da2000 	C:\WINDOWS\System32\win32u.dll
0x00007ff9b6730000 - 0x00007ff9b675a000 	C:\WINDOWS\System32\GDI32.dll
0x00007ff9b4c70000 - 0x00007ff9b4d7b000 	C:\WINDOWS\System32\gdi32full.dll
0x00007ff9b4db0000 - 0x00007ff9b4e4d000 	C:\WINDOWS\System32\msvcp_win.dll
0x00007ff9a4fb0000 - 0x00007ff9a524a000 	C:\WINDOWS\WinSxS\amd64_microsoft.windows.common-controls_6595b64144ccf1df_6.0.19041.1110_none_60b5254171f9507e\COMCTL32.dll
0x00007ff9b6060000 - 0x00007ff9b60fe000 	C:\WINDOWS\System32\msvcrt.dll
0x00007ff9b6200000 - 0x00007ff9b6230000 	C:\WINDOWS\System32\IMM32.DLL
0x00007ff984ca0000 - 0x00007ff984d3d000 	C:\Program Files\JetBrains\PyCharm 2021.2.3\jbr\bin\msvcp140.dll
0x00007ff979250000 - 0x00007ff979da8000 	C:\Program Files\JetBrains\PyCharm 2021.2.3\jbr\bin\server\jvm.dll
0x00007ff9b6820000 - 0x00007ff9b68ce000 	C:\WINDOWS\System32\ADVAPI32.dll
0x00007ff9b6160000 - 0x00007ff9b61fc000 	C:\WINDOWS\System32\sechost.dll
0x00007ff9b6d70000 - 0x00007ff9b6e95000 	C:\WINDOWS\System32\RPCRT4.dll
0x00007ff9b6720000 - 0x00007ff9b6728000 	C:\WINDOWS\System32\PSAPI.DLL
0x00007ff9af730000 - 0x00007ff9af739000 	C:\WINDOWS\SYSTEM32\WSOCK32.dll
0x00007ff9b6360000 - 0x00007ff9b63cb000 	C:\WINDOWS\System32\WS2_32.dll
0x00007ff9ad0b0000 - 0x00007ff9ad0ba000 	C:\WINDOWS\SYSTEM32\VERSION.dll
0x00007ff99a480000 - 0x00007ff99a4a7000 	C:\WINDOWS\SYSTEM32\WINMM.dll
0x00007ff9b30b0000 - 0x00007ff9b30c2000 	C:\WINDOWS\SYSTEM32\kernel.appcore.dll
0x00007ff9ac360000 - 0x00007ff9ac371000 	C:\Program Files\JetBrains\PyCharm 2021.2.3\jbr\bin\verify.dll
0x00007ff9afb20000 - 0x00007ff9afd04000 	C:\WINDOWS\SYSTEM32\DBGHELP.DLL
0x00007ff9acbe0000 - 0x00007ff9acc0c000 	C:\WINDOWS\SYSTEM32\dbgcore.DLL
0x00007ff9b4e50000 - 0x00007ff9b4ed2000 	C:\WINDOWS\System32\bcryptPrimitives.dll
0x00007ff9ab080000 - 0x00007ff9ab0a9000 	C:\Program Files\JetBrains\PyCharm 2021.2.3\jbr\bin\java.dll
0x00007ff9af2f0000 - 0x00007ff9af2fb000 	C:\Program Files\JetBrains\PyCharm 2021.2.3\jbr\bin\jimage.dll
0x00007ff9abde0000 - 0x00007ff9abdf8000 	C:\Program Files\JetBrains\PyCharm 2021.2.3\jbr\bin\zip.dll

dbghelp: loaded successfully - version: 4.0.5 - missing functions: none
symbol engine: initialized successfully - sym options: 0x614 - pdb path: .;C:\Program Files\JetBrains\PyCharm 2021.2.3\jbr\bin;C:\WINDOWS\SYSTEM32;C:\WINDOWS\WinSxS\amd64_microsoft.windows.common-controls_6595b64144ccf1df_6.0.19041.1110_none_60b5254171f9507e;C:\Program Files\JetBrains\PyCharm 2021.2.3\jbr\bin\server

VM Arguments:
java_command: com.intellij.util.ReadEnv C:\Users\ASUS\AppData\Local\Temp\intellij-cmd-env.3671118812493457244.tmp
java_class_path (initial): C:\Program Files\JetBrains\PyCharm 2021.2.3\lib\util.jar
Launcher Type: SUN_STANDARD

[Global flags]
     intx CICompilerCount                          = 4                                         {product} {ergonomic}
     uint G1ConcRefinementThreads                  = 8                                         {product} {ergonomic}
   size_t G1HeapRegionSize                         = 1048576                                   {product} {ergonomic}
    uintx GCDrainStackTargetSize                   = 64                                        {product} {ergonomic}
   size_t InitialHeapSize                          = 134217728                                 {product} {ergonomic}
   size_t MaxHeapSize                              = 2118123520                                {product} {ergonomic}
   size_t MinHeapDeltaBytes                        = 1048576                                   {product} {ergonomic}
    uintx NonNMethodCodeHeapSize                   = 5836300                                {pd product} {ergonomic}
    uintx NonProfiledCodeHeapSize                  = 122910970                              {pd product} {ergonomic}
    uintx ProfiledCodeHeapSize                     = 122910970                              {pd product} {ergonomic}
    uintx ReservedCodeCacheSize                    = 251658240                              {pd product} {ergonomic}
     bool SegmentedCodeCache                       = true                                      {product} {ergonomic}
     bool UseCompressedClassPointers               = true                                 {lp64_product} {ergonomic}
     bool UseCompressedOops                        = true                                 {lp64_product} {ergonomic}
     bool UseG1GC                                  = true                                      {product} {ergonomic}
     bool UseLargePagesIndividualAllocation        = false                                  {pd product} {ergonomic}

Logging:
Log output configuration:
 #0: stdout all=warning uptime,level,tags
 #1: stderr all=off uptime,level,tags

Environment Variables:
PATH=D:\uc file\Intern ship\projects\Mask RCNN\Scripts;C:\Program Files\NVIDIA GPU Computing Toolkit\CUDA\v11.0\libnvvp;C:\Program Files\NVIDIA GPU Computing Toolkit\CUDA\v11.0\bin;C:\WINDOWS\system32;C:\WINDOWS;C:\WINDOWS\System32\Wbem;C:\WINDOWS\System32\WindowsPowerShell\v1.0\;C:\WINDOWS\System32\OpenSSH\;C:\Program Files\Git\cmd;C:\Program Files\nodejs\;C:\Program Files (x86)\NVIDIA Corporation\PhysX\Common;C:\Program Files\NVIDIA Corporation\NVIDIA NvDLISR;C:\Program Files (x86)\Windows Live\Shared;C:\Program Files\NVIDIA Corporation\Nsight Compute 2020.1.1\;C:\Users\ASUS\AppData\Local\Programs\Python\Python36\;C:\Users\ASUS\AppData\Local\Programs\Python\Python36\Scripts\;C:\Program Files\TortoiseSVN\bin;C:\Program Files\Git LFS;C:\Users\ASUS\AppData\Local\Programs\Python\Python37\Scripts\;C:\Users\ASUS\AppData\Local\Programs\Python\Python37\;C:\Users\ASUS\AppData\Local\Programs\Python\Python36\Scripts\;C:\Users\ASUS\AppData\Local\Programs\Python\Python36\;C:\Users\ASUS\AppData\Local\Programs\Microsoft VS Code\bin
USERNAME=ASUS
OS=Windows_NT
PROCESSOR_IDENTIFIER=Intel64 Family 6 Model 142 Stepping 10, GenuineIntel



---------------  S Y S T E M  ---------------

OS: Windows 10 , 64 bit Build 19041 (10.0.19041.1645)
OS uptime: 6 days 9:19 hours

CPU:total 8 (initial active 8) (4 cores per cpu, 2 threads per core) family 6 model 142 stepping 10 microcode 0xb4, cmov, cx8, fxsr, mmx, sse, sse2, sse3, ssse3, sse4.1, sse4.2, popcnt, avx, avx2, aes, clmul, erms, 3dnowpref, lzcnt, ht, tsc, tscinvbit, bmi1, bmi2, adx, fma

Memory: 4k page, system-wide physical 8078M (1737M free)
TotalPageFile size 32654M (AvailPageFile size 20M)
current process WorkingSet (physical memory assigned to process): 9M, peak: 9M
current process commit charge ("private bytes"): 12M, peak: 13M

vm_info: OpenJDK 64-Bit Server VM (11.0.12+7-b1504.40) for windows-amd64 JRE (11.0.12+7-b1504.40), built on Sep 23 2021 14:38:03 by "" with MS VC++ 14.0 (VS2015)

END.
